c:\users\laura\source\repos\qtgraphproject\qtgraphproject\x64\debug\vc143.pdb
c:\users\laura\source\repos\qtgraphproject\qtgraphproject\x64\debug\vc143.idb
c:\users\laura\source\repos\qtgraphproject\qtgraphproject\x64\debug\qrc_qtgraphproject.obj
c:\users\laura\source\repos\qtgraphproject\qtgraphproject\x64\debug\mainwindow.obj
c:\users\laura\source\repos\qtgraphproject\qtgraphproject\x64\debug\main.obj
c:\users\laura\source\repos\qtgraphproject\qtgraphproject\x64\debug\moc_mainwindow.obj
c:\users\laura\source\repos\qtgraphproject\x64\debug\qtgraphproject.exe
c:\users\laura\source\repos\qtgraphproject\x64\debug\qtgraphproject.pdb
c:\users\laura\source\repos\qtgraphproject\qtgraphproject\x64\debug\qt\moc\moc_mainwindow.cpp
c:\users\laura\source\repos\qtgraphproject\qtgraphproject\x64\debug\qt\uic\ui_mainwindow.h
c:\users\laura\source\repos\qtgraphproject\qtgraphproject\x64\debug\qt\rcc\qrc_qtgraphproject.cpp
c:\users\laura\source\repos\qtgraphproject\qtgraphproject\x64\debug\qtgraphproject.ilk
c:\users\laura\source\repos\qtgraphproject\qtgraphproject\x64\debug\qtgraphproject.tlog\cl.command.1.tlog
c:\users\laura\source\repos\qtgraphproject\qtgraphproject\x64\debug\qtgraphproject.tlog\cl.items.tlog
c:\users\laura\source\repos\qtgraphproject\qtgraphproject\x64\debug\qtgraphproject.tlog\cl.read.1.tlog
c:\users\laura\source\repos\qtgraphproject\qtgraphproject\x64\debug\qtgraphproject.tlog\cl.write.1.tlog
c:\users\laura\source\repos\qtgraphproject\qtgraphproject\x64\debug\qtgraphproject.tlog\link.command.1.tlog
c:\users\laura\source\repos\qtgraphproject\qtgraphproject\x64\debug\qtgraphproject.tlog\link.read.1.tlog
c:\users\laura\source\repos\qtgraphproject\qtgraphproject\x64\debug\qtgraphproject.tlog\link.secondary.1.tlog
c:\users\laura\source\repos\qtgraphproject\qtgraphproject\x64\debug\qtgraphproject.tlog\link.write.1.tlog
c:\users\laura\source\repos\qtgraphproject\qtgraphproject\x64\debug\qtgraphproject.tlog\moc.read.1u.tlog
c:\users\laura\source\repos\qtgraphproject\qtgraphproject\x64\debug\qtgraphproject.tlog\moc.write.1u.tlog
c:\users\laura\source\repos\qtgraphproject\qtgraphproject\x64\debug\qtgraphproject.tlog\qtgraphproject.write.1u.tlog
c:\users\laura\source\repos\qtgraphproject\qtgraphproject\x64\debug\qtgraphproject.tlog\rcc.read.1u.tlog
c:\users\laura\source\repos\qtgraphproject\qtgraphproject\x64\debug\qtgraphproject.tlog\rcc.write.1u.tlog
c:\users\laura\source\repos\qtgraphproject\qtgraphproject\x64\debug\qtgraphproject.tlog\uic.read.1u.tlog
c:\users\laura\source\repos\qtgraphproject\qtgraphproject\x64\debug\qtgraphproject.tlog\uic.write.1u.tlog
